生成启动时间为 2016-02-14 22:55:20。
     1>项目“C:\Users\b12\Desktop\CS520\project\hw1\RepeatedBackA\RepeatedBackA.vcxproj”在节点 2 上(build 个目标)。
     1>InitializeBuildStatus:
         正在创建“Debug\RepeatedBackA.unsuccessfulbuild”，因为已指定“AlwaysCreate”。
       ClCompile:
         所有输出均为最新。
         C:\Program Files\Microsoft Visual Studio 10.0\VC\bin\CL.exe /c /ZI /nologo /W3 /WX- /Od /Oy- /D WIN32 /D _DEBUG /D _CONSOLE /D _UNICODE /D UNICODE /Gm /EHsc /RTC1 /MDd /GS /fp:precise /Zc:wchar_t /Zc:forScope /Yu"StdAfx.h" /Fp"Debug\RepeatedBackA.pch" /Fo"Debug\\" /Fd"Debug\vc100.pdb" /Gd /TP /analyze- /errorReport:prompt RepeatedBackA.cpp
         RepeatedBackA.cpp
     1>c:\users\b12\desktop\cs520\project\hw1\repeatedbacka\repeatedbacka.cpp(281): warning C4018: “<”: 有符号/无符号不匹配
       Link:
         C:\Program Files\Microsoft Visual Studio 10.0\VC\bin\link.exe /ERRORREPORT:PROMPT /OUT:"C:\Users\b12\Desktop\CS520\project\hw1\RepeatedBackA\Debug\RepeatedBackA.exe" /INCREMENTAL /NOLOGO kernel32.lib user32.lib gdi32.lib winspool.lib comdlg32.lib advapi32.lib shell32.lib ole32.lib oleaut32.lib uuid.lib odbc32.lib odbccp32.lib /MANIFEST /ManifestFile:"Debug\RepeatedBackA.exe.intermediate.manifest" /MANIFESTUAC:"level='asInvoker' uiAccess='false'" /DEBUG /PDB:"C:\Users\b12\Desktop\CS520\project\hw1\RepeatedBackA\Debug\RepeatedBackA.pdb" /SUBSYSTEM:CONSOLE /TLBID:1 /DYNAMICBASE /NXCOMPAT /IMPLIB:"C:\Users\b12\Desktop\CS520\project\hw1\RepeatedBackA\Debug\RepeatedBackA.lib" /MACHINE:X86 Debug\RepeatedBackA.obj
         Debug\stdafx.obj
         RepeatedBackA.vcxproj -> C:\Users\b12\Desktop\CS520\project\hw1\RepeatedBackA\Debug\RepeatedBackA.exe
       Manifest:
         C:\Program Files\Microsoft SDKs\Windows\v7.0A\bin\mt.exe /nologo /verbose /out:"C:\Users\b12\Desktop\CS520\project\hw1\RepeatedBackA\Debug\RepeatedBackA.exe.manifest" /manifest Debug\RepeatedBackA.exe.intermediate.manifest
       FinalizeBuildStatus:
         正在删除文件“Debug\RepeatedBackA.unsuccessfulbuild”。
         正在对“Debug\RepeatedBackA.lastbuildstate”执行 Touch 任务。
     1>已完成生成项目“C:\Users\b12\Desktop\CS520\project\hw1\RepeatedBackA\RepeatedBackA.vcxproj”(build 个目标)的操作。

生成成功。

已用时间 00:00:03.33
